<?xml version="1.0" encoding="UTF-8"?>
<Site BuildName="Linux-g++"
	BuildStamp="20251010-1051-Experimental"
	Name="mykhailo-ThinkPad-E16-Gen-2"
	Generator="ctest-3.28.3"
	CompilerName="/usr/bin/g++"
	CompilerVersion=""
	OSName="Linux"
	Hostname="mykhailo-ThinkPad-E16-Gen-2"
	OSRelease="6.14.0-33-generic"
	OSVersion="#33~24.04.1-Ubuntu SMP PREEMPT_DYNAMIC Fri Sep 19 17:02:30 UTC 2"
	OSPlatform="x86_64"
	Is64Bits="1"
	VendorString="AuthenticAMD"
	VendorID="Advanced Micro Devices"
	FamilyID="25"
	ModelID="68"
	ProcessorCacheSize="512"
	NumberOfLogicalCPU="16"
	NumberOfPhysicalCPU="8"
	TotalVirtualMemory="4095"
	TotalPhysicalMemory="14739"
	LogicalProcessorsPerPhysical="2"
	ProcessorClockFrequency="2791.93"
	>
	<Testing>
		<StartDateTime>Oct 10 18:18 EEST</StartDateTime>
		<StartTestTime>1760109480</StartTestTime>
		<TestList/>
		<EndDateTime>Oct 10 18:18 EEST</EndDateTime>
		<EndTestTime>1760109480</EndTestTime>
		<ElapsedMinutes>0</ElapsedMinutes>
	</Testing>
</Site>
